[
  {
    "level": "INFO",
    "message": "android.ndkVersion from module build.gradle is [16.1.4479499]"
  },
  {
    "level": "INFO",
    "message": "android.ndkPath from module build.gradle is not set"
  },
  {
    "level": "INFO",
    "message": "ndk.dir in local.properties is not set"
  },
  {
    "level": "INFO",
    "message": "Not considering ANDROID_NDK_HOME because support was removed after deprecation period."
  },
  {
    "level": "INFO",
    "message": "sdkFolder is D:\\sdk"
  },
  {
    "level": "INFO",
    "message": "Folder D:\\sdk\\ndk\\16.1.4479499 does not exist. Ignoring."
  },
  {
    "level": "INFO",
    "message": "No NDK was found. Trying to download it now."
  }
]