[
  {
    "level": "INFO",
    "message": "android.ndkVersion from module build.gradle is [21.0.6113669]"
  },
  {
    "level": "INFO",
    "message": "android.ndkPath from module build.gradle is not set"
  },
  {
    "level": "INFO",
    "message": "ndk.dir in local.properties is not set"
  },
  {
    "level": "INFO",
    "message": "Not considering ANDROID_NDK_HOME because support was removed after deprecation period."
  },
  {
    "level": "INFO",
    "message": "sdkFolder is D:\\sdk"
  },
  {
    "level": "ERROR",
    "message": "NDK at D:\\sdk\\ndk\\21.0.6113669 did not have a source.properties file"
  },
  {
    "level": "INFO",
    "message": "Folder D:\\sdk\\ndk\\21.0.6113669 does not exist. Ignoring."
  },
  {
    "level": "INFO",
    "message": "No NDK was found. Trying to download it now."
  }
]